[debug] [2023-04-12T09:36:07.042Z] ----------------------------------------------------------------------
[debug] [2023-04-12T09:36:07.044Z] Command:       C:\Program Files\nodejs\node.exe C:\Users\Wielabs\AppData\Roaming\npm\node_modules\firebase-tools\lib\bin\firebase.js init
[debug] [2023-04-12T09:36:07.045Z] CLI Version:   11.26.0
[debug] [2023-04-12T09:36:07.045Z] Platform:      win32
[debug] [2023-04-12T09:36:07.045Z] Node Version:  v18.15.0
[debug] [2023-04-12T09:36:07.047Z] Time:          Wed Apr 12 2023 15:06:07 GMT+0530 (India Standard Time)
[debug] [2023-04-12T09:36:07.047Z] ----------------------------------------------------------------------
[debug] 
[debug] [2023-04-12T09:36:07.057Z] > command requires scopes: ["email","openid","https://www.googleapis.com/auth/cloudplatformprojects.readonly","https://www.googleapis.com/auth/firebase","https://www.googleapis.com/auth/cloud-platform"]
[debug] [2023-04-12T09:36:07.058Z] > authorizing via signed-in user (tpvprasad98@gmail.com)
[info] 
     ######## #### ########  ######## ########     ###     ######  ########
     ##        ##  ##     ## ##       ##     ##  ##   ##  ##       ##
     ######    ##  ########  ######   ########  #########  ######  ######
     ##        ##  ##    ##  ##       ##     ## ##     ##       ## ##
     ##       #### ##     ## ######## ########  ##     ##  ######  ########

You're about to initialize a Firebase project in this directory:

  C:\Users\Wielabs\Pavan\firestored

[info] 
=== Project Setup
[info] 
[info] First, let's associate this project directory with a Firebase project.
[info] You can create multiple project aliases by running firebase use --add, 
[info] but for now we'll just set up a default project.
[info] 
[debug] [2023-04-12T09:40:58.684Z] > refreshing access token with scopes: []
[debug] [2023-04-12T09:40:58.687Z] >>> [apiv2][query] POST https://www.googleapis.com/oauth2/v3/token [none]
[debug] [2023-04-12T09:40:58.687Z] >>> [apiv2][body] POST https://www.googleapis.com/oauth2/v3/token [omitted]
[debug] [2023-04-12T09:40:58.949Z] <<< [apiv2][status] POST https://www.googleapis.com/oauth2/v3/token 200
[debug] [2023-04-12T09:40:58.950Z] <<< [apiv2][body] POST https://www.googleapis.com/oauth2/v3/token [omitted]
[debug] [2023-04-12T09:40:59.005Z] >>> [apiv2][query] GET https://firebase.googleapis.com/v1beta1/projects pageSize=100
[debug] [2023-04-12T09:40:59.755Z] <<< [apiv2][status] GET https://firebase.googleapis.com/v1beta1/projects 200
[debug] [2023-04-12T09:40:59.755Z] <<< [apiv2][body] GET https://firebase.googleapis.com/v1beta1/projects [omitted]
[info] i  Using project fir-course-f33c9 (firebase-course) 
[info] 
=== Database Setup
[info] i  database: ensuring required API firebasedatabase.googleapis.com is enabled... 
[debug] [2023-04-12T09:41:04.690Z] >>> [apiv2][query] GET https://serviceusage.googleapis.com/v1/projects/fir-course-f33c9/services/firebasedatabase.googleapis.com [none]
[debug] [2023-04-12T09:41:04.690Z] >>> [apiv2][(partial)header] GET https://serviceusage.googleapis.com/v1/projects/fir-course-f33c9/services/firebasedatabase.googleapis.com x-goog-quota-user=projects/fir-course-f33c9
[debug] [2023-04-12T09:41:06.399Z] <<< [apiv2][status] GET https://serviceusage.googleapis.com/v1/projects/fir-course-f33c9/services/firebasedatabase.googleapis.com 200
[debug] [2023-04-12T09:41:06.399Z] <<< [apiv2][body] GET https://serviceusage.googleapis.com/v1/projects/fir-course-f33c9/services/firebasedatabase.googleapis.com [omitted]
[warn] !  database: missing required API firebasedatabase.googleapis.com. Enabling now... 
[debug] [2023-04-12T09:41:06.400Z] >>> [apiv2][query] POST https://serviceusage.googleapis.com/v1/projects/fir-course-f33c9/services/firebasedatabase.googleapis.com:enable [none]
[debug] [2023-04-12T09:41:06.400Z] >>> [apiv2][(partial)header] POST https://serviceusage.googleapis.com/v1/projects/fir-course-f33c9/services/firebasedatabase.googleapis.com:enable x-goog-quota-user=projects/fir-course-f33c9
[debug] [2023-04-12T09:41:08.289Z] <<< [apiv2][status] POST https://serviceusage.googleapis.com/v1/projects/fir-course-f33c9/services/firebasedatabase.googleapis.com:enable 200
[debug] [2023-04-12T09:41:08.289Z] <<< [apiv2][body] POST https://serviceusage.googleapis.com/v1/projects/fir-course-f33c9/services/firebasedatabase.googleapis.com:enable [omitted]
[debug] [2023-04-12T09:41:18.303Z] >>> [apiv2][query] GET https://serviceusage.googleapis.com/v1/projects/fir-course-f33c9/services/firebasedatabase.googleapis.com [none]
[debug] [2023-04-12T09:41:18.304Z] >>> [apiv2][(partial)header] GET https://serviceusage.googleapis.com/v1/projects/fir-course-f33c9/services/firebasedatabase.googleapis.com x-goog-quota-user=projects/fir-course-f33c9
[debug] [2023-04-12T09:41:19.959Z] <<< [apiv2][status] GET https://serviceusage.googleapis.com/v1/projects/fir-course-f33c9/services/firebasedatabase.googleapis.com 200
[debug] [2023-04-12T09:41:19.959Z] <<< [apiv2][body] GET https://serviceusage.googleapis.com/v1/projects/fir-course-f33c9/services/firebasedatabase.googleapis.com [omitted]
[info] +  database: required API firebasedatabase.googleapis.com is enabled 
[info] 
[debug] [2023-04-12T09:41:19.968Z] >>> [apiv2][query] GET https://firebase.googleapis.com/v1beta1/projects/fir-course-f33c9 [none]
[debug] [2023-04-12T09:41:20.383Z] <<< [apiv2][status] GET https://firebase.googleapis.com/v1beta1/projects/fir-course-f33c9 200
[debug] [2023-04-12T09:41:20.383Z] <<< [apiv2][body] GET https://firebase.googleapis.com/v1beta1/projects/fir-course-f33c9 {"projectId":"fir-course-f33c9","projectNumber":"1047923384476","displayName":"firebase-course","name":"projects/fir-course-f33c9","resources":{"hostingSite":"fir-course-f33c9","storageBucket":"fir-course-f33c9.appspot.com","locationId":"asia-south1"},"state":"ACTIVE","etag":"1_a4b2a36f-2516-49a9-a0be-559c79bbb310"}
[debug] [2023-04-12T09:42:12.491Z] >>> [apiv2][query] POST https://firebasedatabase.googleapis.com/v1beta/projects/fir-course-f33c9/locations/asia-southeast1/instances databaseId=fir-course-f33c9-default-rtdb&validateOnly=true
[debug] [2023-04-12T09:42:12.491Z] >>> [apiv2][body] POST https://firebasedatabase.googleapis.com/v1beta/projects/fir-course-f33c9/locations/asia-southeast1/instances {"type":"default_database"}
[debug] [2023-04-12T09:42:13.712Z] <<< [apiv2][status] POST https://firebasedatabase.googleapis.com/v1beta/projects/fir-course-f33c9/locations/asia-southeast1/instances 200
[debug] [2023-04-12T09:42:13.712Z] <<< [apiv2][body] POST https://firebasedatabase.googleapis.com/v1beta/projects/fir-course-f33c9/locations/asia-southeast1/instances {"name":"projects/1047923384476/locations/asia-southeast1/instances/fir-course-f33c9-default-rtdb","project":"projects/1047923384476","databaseUrl":"https://fir-course-f33c9-default-rtdb.asia-southeast1.firebasedatabase.app","type":"DEFAULT_DATABASE","state":"ACTIVE"}
[debug] [2023-04-12T09:42:13.713Z] >>> [apiv2][query] POST https://firebasedatabase.googleapis.com/v1beta/projects/fir-course-f33c9/locations/asia-southeast1/instances databaseId=fir-course-f33c9-default-rtdb
[debug] [2023-04-12T09:42:13.714Z] >>> [apiv2][body] POST https://firebasedatabase.googleapis.com/v1beta/projects/fir-course-f33c9/locations/asia-southeast1/instances {"type":"default_database"}
[debug] [2023-04-12T09:42:14.830Z] <<< [apiv2][status] POST https://firebasedatabase.googleapis.com/v1beta/projects/fir-course-f33c9/locations/asia-southeast1/instances 200
[debug] [2023-04-12T09:42:14.831Z] <<< [apiv2][body] POST https://firebasedatabase.googleapis.com/v1beta/projects/fir-course-f33c9/locations/asia-southeast1/instances {"name":"projects/1047923384476/locations/asia-southeast1/instances/fir-course-f33c9-default-rtdb","project":"projects/1047923384476","databaseUrl":"https://fir-course-f33c9-default-rtdb.asia-southeast1.firebasedatabase.app","type":"DEFAULT_DATABASE","state":"ACTIVE"}
[info] 
[info] Firebase Realtime Database Security Rules allow you to define how your data should be
[info] structured and when your data can be read from and written to.
[info] 
[debug] [2023-04-12T09:43:08.139Z] >>> [apiv2][query] GET https://fir-course-f33c9-default-rtdb.asia-southeast1.firebasedatabase.app/.settings/rules.json [none]
[debug] [2023-04-12T09:43:09.904Z] <<< [apiv2][status] GET https://fir-course-f33c9-default-rtdb.asia-southeast1.firebasedatabase.app/.settings/rules.json 200
[debug] [2023-04-12T09:43:09.904Z] <<< [apiv2][body] GET https://fir-course-f33c9-default-rtdb.asia-southeast1.firebasedatabase.app/.settings/rules.json [stream]
[info] +  Database Rules for fir-course-f33c9-default-rtdb have been written to database.rules.json. 
[info] Future modifications to database.rules.json will update Realtime Database Security Rules when you run
[info] firebase deploy.
[info] 
=== Hosting Setup
[info] 
[info] Your public directory is the folder (relative to your project directory) that
[info] will contain Hosting assets to be uploaded with firebase deploy. If you
[info] have a build process for your assets, use your build's output directory.
[info] 
[info] +  Wrote public/404.html 
[debug] [2023-04-12T09:44:27.713Z] >>> [apiv2][query] GET https://www.gstatic.com/firebasejs/releases.json [none]
[debug] [2023-04-12T09:44:27.971Z] <<< [apiv2][status] GET https://www.gstatic.com/firebasejs/releases.json 200
[debug] [2023-04-12T09:44:27.972Z] <<< [apiv2][body] GET https://www.gstatic.com/firebasejs/releases.json {"current":{"version":"9.19.1","browserURL":"https://www.gstatic.com/firebasejs/9.19.1/firebase.js","packageURL":"https://www.gstatic.com/firebasejs/9.19.1/firebase.tgz"},"live":{"version":"9.19","browserURL":"https://www.gstatic.com/firebasejs/live/9.19/firebase.js","packageURL":"https://www.gstatic.com/firebasejs/live/9.19/firebase.tgz"},"components":{"analytics":"https://www.gstatic.com/firebasejs/9.19.1/firebase-analytics.js","app":"https://www.gstatic.com/firebasejs/9.19.1/firebase-app.js","app-check":"https://www.gstatic.com/firebasejs/9.19.1/firebase-app-check.js","auth":"https://www.gstatic.com/firebasejs/9.19.1/firebase-auth.js","auth/cordova":"https://www.gstatic.com/firebasejs/9.19.1/firebase-auth/cordova.js","auth/react-native":"https://www.gstatic.com/firebasejs/9.19.1/firebase-auth/react-native.js","functions":"https://www.gstatic.com/firebasejs/9.19.1/firebase-functions.js","firestore":"https://www.gstatic.com/firebasejs/9.19.1/firebase-firestore.js","firestore/lite":"https://www.gstatic.com/firebasejs/9.19.1/firebase-firestore/lite.js","installations":"https://www.gstatic.com/firebasejs/9.19.1/firebase-installations.js","storage":"https://www.gstatic.com/firebasejs/9.19.1/firebase-storage.js","performance":"https://www.gstatic.com/firebasejs/9.19.1/firebase-performance.js","remote-config":"https://www.gstatic.com/firebasejs/9.19.1/firebase-remote-config.js","messaging":"https://www.gstatic.com/firebasejs/9.19.1/firebase-messaging.js","messaging/sw":"https://www.gstatic.com/firebasejs/9.19.1/firebase-messaging/sw.js","database":"https://www.gstatic.com/firebasejs/9.19.1/firebase-database.js","firestore.memory":"https://www.gstatic.com/firebasejs/9.19.1/firebase-firestore.memory.js"}}
[info] i  Skipping write of public/index.html 
[info] 
[info] i  Didn't detect a .git folder. Assuming C:\Users\Wielabs\Pavan\firestored is the project root. 
[info] i  Authorizing with GitHub to upload your service account to a GitHub repository's secrets store. 
[info] 
[info] Visit this URL on this device to log in:
[info] https://github.com/login/oauth/authorize?client_id=89cf50f02ac6aaed3484&state=125351608&redirect_uri=http%3A%2F%2Flocalhost%3A9005&scope=read%3Auser%20repo%20public_repo
[info] 
[info] Waiting for authentication...
[debug] [2023-04-12T09:48:39.739Z] >>> [apiv2][query] POST https://github.com/login/oauth/access_token [none]
[debug] [2023-04-12T09:48:39.740Z] >>> [apiv2][body] POST https://github.com/login/oauth/access_token [stream]
[debug] [2023-04-12T09:48:40.200Z] <<< [apiv2][status] POST https://github.com/login/oauth/access_token 200
[debug] [2023-04-12T09:48:40.200Z] <<< [apiv2][body] POST https://github.com/login/oauth/access_token {"access_token":"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","token_type":"bearer","scope":"read:user,repo"}
[debug] [2023-04-12T09:48:40.223Z] >>> [apiv2][query] GET https://api.github.com/user [none]
[debug] [2023-04-12T09:48:40.689Z] <<< [apiv2][status] GET https://api.github.com/user 200
[debug] [2023-04-12T09:48:40.689Z] <<< [apiv2][body] GET https://api.github.com/user {"login":"tpvprasad","id":42974414,"node_id":"MDQ6VXNlcjQyOTc0NDE0","avatar_url":"https://avatars.githubusercontent.com/u/42974414?v=4","gravatar_id":"","url":"https://api.github.com/users/tpvprasad","html_url":"https://github.com/tpvprasad","followers_url":"https://api.github.com/users/tpvprasad/followers","following_url":"https://api.github.com/users/tpvprasad/following{/other_user}","gists_url":"https://api.github.com/users/tpvprasad/gists{/gist_id}","starred_url":"https://api.github.com/users/tpvprasad/starred{/owner}{/repo}","subscriptions_url":"https://api.github.com/users/tpvprasad/subscriptions","organizations_url":"https://api.github.com/users/tpvprasad/orgs","repos_url":"https://api.github.com/users/tpvprasad/repos","events_url":"https://api.github.com/users/tpvprasad/events{/privacy}","received_events_url":"https://api.github.com/users/tpvprasad/received_events","type":"User","site_admin":false,"name":null,"company":null,"blog":"","location":null,"email":null,"hireable":null,"bio":null,"twitter_username":null,"public_repos":5,"public_gists":0,"followers":0,"following":0,"created_at":"2018-09-04T15:52:49Z","updated_at":"2023-04-10T10:58:00Z","private_gists":0,"total_private_repos":0,"owned_private_repos":0,"disk_usage":682,"collaborators":0,"two_factor_authentication":false,"plan":{"name":"free","space":976562499,"collaborators":0,"private_repos":10000}}
[info] 
[info] +  Success! Logged into GitHub as tpvprasad 
[info] 
